vlc.exe
vlc.exe.manifest
libvlc.dll
libvlccore.dll
AUTHORS.txt
COPYING.txt
MAINTAINERS.txt
NEWS.txt
README.txt
THANKS.txt
plugins\liba52sys_plugin.dll
plugins\liba52tofloat32_plugin.dll
plugins\liba52tospdif_plugin.dll
plugins\liba52_plugin.dll
plugins\libaccess_directory_plugin.dll
plugins\libaccess_fake_plugin.dll
plugins\libaccess_file_plugin.dll
plugins\libaccess_filter_bandwidth_plugin.dll
plugins\libaccess_filter_dump_plugin.dll
plugins\libaccess_filter_record_plugin.dll
plugins\libaccess_filter_timeshift_plugin.dll
plugins\libaccess_ftp_plugin.dll
plugins\libaccess_http_plugin.dll
plugins\libaccess_mms_plugin.dll
plugins\libaccess_output_dummy_plugin.dll
plugins\libaccess_output_file_plugin.dll
plugins\libaccess_output_http_plugin.dll
plugins\libaccess_output_shout_plugin.dll
plugins\libaccess_output_udp_plugin.dll
plugins\libaccess_realrtsp_plugin.dll
plugins\libaccess_rtmp_plugin.dll
plugins\libaccess_smb_plugin.dll
plugins\libaccess_tcp_plugin.dll
plugins\libaccess_udp_plugin.dll
plugins\libadjust_plugin.dll
plugins\libadpcm_plugin.dll
plugins\libaiff_plugin.dll
plugins\libalphamask_plugin.dll
plugins\libaout_directx_plugin.dll
plugins\libaout_file_plugin.dll
plugins\libaraw_plugin.dll
plugins\libasf_plugin.dll
plugins\libatmo_plugin.dll
plugins\libaudioscrobbler_plugin.dll
plugins\libaudio_format_plugin.dll
plugins\libau_plugin.dll
plugins\libavcodec_plugin.dll
plugins\libavformat_plugin.dll
plugins\libavi_plugin.dll
plugins\libbandlimited_resampler_plugin.dll
plugins\libbda_plugin.dll
plugins\libblendbench_plugin.dll
plugins\libblend_plugin.dll
plugins\libbluescreen_plugin.dll
plugins\libcaca_plugin.dll
plugins\libcanvas_plugin.dll
plugins\libcc_plugin.dll
plugins\libcdda_plugin.dll
plugins\libcdg_plugin.dll
plugins\libchain_plugin.dll
plugins\libcinepak_plugin.dll
plugins\libclone_plugin.dll
plugins\libcmml_plugin.dll
plugins\libcolorthres_plugin.dll
plugins\libconverter_fixed_plugin.dll
plugins\libconverter_float_plugin.dll
plugins\libcroppadd_plugin.dll
plugins\libcrop_plugin.dll
plugins\libcvdsub_plugin.dll
plugins\libdeinterlace_plugin.dll
plugins\libdemuxdump_plugin.dll
plugins\libdemux_cdg_plugin.dll
plugins\libdirect3d_plugin.dll
plugins\libdmo_plugin.dll
plugins\libdolby_surround_decoder_plugin.dll
plugins\libdshow_plugin.dll
plugins\libdtssys_plugin.dll
plugins\libdtstofloat32_plugin.dll
plugins\libdtstospdif_plugin.dll
plugins\libdts_plugin.dll
plugins\libdummy_plugin.dll
plugins\libdvbsub_plugin.dll
plugins\libdvdnav_plugin.dll
plugins\libdvdread_plugin.dll
plugins\libequalizer_plugin.dll
plugins\liberase_plugin.dll
plugins\libexport_plugin.dll
plugins\libextract_plugin.dll
plugins\libfaad_plugin.dll
plugins\libfake_plugin.dll
plugins\libflacsys_plugin.dll
plugins\libflac_plugin.dll
plugins\libfloat32_mixer_plugin.dll
plugins\libfolder_plugin.dll
plugins\libfreetype_plugin.dll
plugins\libgaussianblur_plugin.dll
plugins\libgestures_plugin.dll
plugins\libglwin32_plugin.dll
plugins\libgnutls_plugin.dll
plugins\libgoom_plugin.dll
plugins\libgradient_plugin.dll
plugins\libgrain_plugin.dll
plugins\libgrey_yuv_plugin.dll
plugins\libh264_plugin.dll
plugins\libheadphone_channel_mixer_plugin.dll
plugins\libhotkeys_plugin.dll
plugins\libhttp_plugin.dll
plugins\libi420_rgb_mmx_plugin.dll
plugins\libi420_rgb_plugin.dll
plugins\libi420_rgb_sse2_plugin.dll
plugins\libi420_ymga_mmx_plugin.dll
plugins\libi420_ymga_plugin.dll
plugins\libi420_yuy2_mmx_plugin.dll
plugins\libi420_yuy2_plugin.dll
plugins\libi420_yuy2_sse2_plugin.dll
plugins\libi422_i420_plugin.dll
plugins\libi422_yuy2_mmx_plugin.dll
plugins\libi422_yuy2_plugin.dll
plugins\libi422_yuy2_sse2_plugin.dll
plugins\libid3tag_plugin.dll
plugins\libimage_plugin.dll
plugins\libinvert_plugin.dll
plugins\libkate_plugin.dll
plugins\liblibass_plugin.dll
plugins\liblibmpeg2_plugin.dll
plugins\liblinear_resampler_plugin.dll
plugins\liblive555_plugin.dll
plugins\liblogger_plugin.dll
plugins\liblogo_plugin.dll
plugins\liblpcm_plugin.dll
plugins\liblua_plugin.dll
plugins\libm4a_plugin.dll
plugins\libm4v_plugin.dll
plugins\libmagnify_plugin.dll
plugins\libmarq_plugin.dll
plugins\libmemcpy3dn_plugin.dll
plugins\libmemcpymmxext_plugin.dll
plugins\libmemcpymmx_plugin.dll
plugins\libmemcpy_plugin.dll
plugins\libmjpeg_plugin.dll
plugins\libmkv_plugin.dll
plugins\libmod_plugin.dll
plugins\libmono_plugin.dll
plugins\libmosaic_plugin.dll
plugins\libmotionblur_plugin.dll
plugins\libmotiondetect_plugin.dll
plugins\libmp4_plugin.dll
plugins\libmpeg_audio_plugin.dll
plugins\libmpgatofixed32_plugin.dll
plugins\libmpga_plugin.dll
plugins\libmpgv_plugin.dll
plugins\libmsn_plugin.dll
plugins\libmux_asf_plugin.dll
plugins\libmux_avi_plugin.dll
plugins\libmux_dummy_plugin.dll
plugins\libmux_mp4_plugin.dll
plugins\libmux_mpjpeg_plugin.dll
plugins\libmux_ogg_plugin.dll
plugins\libmux_ps_plugin.dll
plugins\libmux_ts_plugin.dll
plugins\libmux_wav_plugin.dll
plugins\libnoise_plugin.dll
plugins\libnormvol_plugin.dll
plugins\libnsc_plugin.dll
plugins\libnsv_plugin.dll
plugins\libntservice_plugin.dll
plugins\libnuv_plugin.dll
plugins\libogg_plugin.dll
plugins\libopengl_plugin.dll
plugins\libosdmenu_plugin.dll
plugins\libosd_parser_plugin.dll
plugins\libpacketizer_copy_plugin.dll
plugins\libpacketizer_h264_plugin.dll
plugins\libpacketizer_mpeg4audio_plugin.dll
plugins\libpacketizer_mpeg4video_plugin.dll
plugins\libpacketizer_mpegvideo_plugin.dll
plugins\libpacketizer_vc1_plugin.dll
plugins\libpanoramix_plugin.dll
plugins\libparam_eq_plugin.dll
plugins\libplaylist_plugin.dll
plugins\libpng_plugin.dll
plugins\libpodcast_plugin.dll
plugins\libportaudio_plugin.dll
plugins\libpostproc_plugin.dll
plugins\libpsychedelic_plugin.dll
plugins\libps_plugin.dll
plugins\libpuzzle_plugin.dll
plugins\libpva_plugin.dll
plugins\libqt4_plugin.dll
plugins\libquicktime_plugin.dll
plugins\librawdv_plugin.dll
plugins\librawvideo_plugin.dll
plugins\librawvid_plugin.dll
plugins\librc_plugin.dll
plugins\librealaudio_plugin.dll
plugins\librealvideo_plugin.dll
plugins\libreal_plugin.dll
plugins\libremoteosd_plugin.dll
plugins\libripple_plugin.dll
plugins\librotate_plugin.dll
plugins\librss_plugin.dll
plugins\librtp_plugin.dll
plugins\librv32_plugin.dll
plugins\libsap_plugin.dll
plugins\libscaletempo_plugin.dll
plugins\libscale_plugin.dll
plugins\libschroedinger_plugin.dll
plugins\libscreen_plugin.dll
plugins\libsdl_image_plugin.dll
plugins\libsharpen_plugin.dll
plugins\libshout_plugin.dll
plugins\libshowintf_plugin.dll
plugins\libsimple_channel_mixer_plugin.dll
plugins\libskins2_plugin.dll
plugins\libsmf_plugin.dll
plugins\libspatializer_plugin.dll
plugins\libspdif_mixer_plugin.dll
plugins\libspeex_plugin.dll
plugins\libspudec_plugin.dll
plugins\libstats_plugin.dll
plugins\libstream_out_autodel_plugin.dll
plugins\libstream_out_bridge_plugin.dll
plugins\libstream_out_description_plugin.dll
plugins\libstream_out_display_plugin.dll
plugins\libstream_out_dummy_plugin.dll
plugins\libstream_out_duplicate_plugin.dll
plugins\libstream_out_es_plugin.dll
plugins\libstream_out_gather_plugin.dll
plugins\libstream_out_mosaic_bridge_plugin.dll
plugins\libstream_out_rtp_plugin.dll
plugins\libstream_out_standard_plugin.dll
plugins\libstream_out_transcode_plugin.dll
plugins\libsubsdec_plugin.dll
plugins\libsubsusf_plugin.dll
plugins\libsubtitle_plugin.dll
plugins\libsvcdsub_plugin.dll
plugins\libswscale_plugin.dll
plugins\libt140_plugin.dll
plugins\libtaglib_plugin.dll
plugins\libtelnet_plugin.dll
plugins\libtelx_plugin.dll
plugins\libtheora_plugin.dll
plugins\libtransform_plugin.dll
plugins\libtrivial_channel_mixer_plugin.dll
plugins\libtrivial_mixer_plugin.dll
plugins\libtrivial_resampler_plugin.dll
plugins\libts_plugin.dll
plugins\libtta_plugin.dll
plugins\libtwolame_plugin.dll
plugins\libty_plugin.dll
plugins\libugly_resampler_plugin.dll
plugins\libvc1_plugin.dll
plugins\libvcd_plugin.dll
plugins\libvisual_plugin.dll
plugins\libvmem_plugin.dll
plugins\libvobsub_plugin.dll
plugins\libvoc_plugin.dll
plugins\libvod_rtsp_plugin.dll
plugins\libvorbis_plugin.dll
plugins\libvout_directx_plugin.dll
plugins\libwall_plugin.dll
plugins\libwaveout_plugin.dll
plugins\libwave_plugin.dll
plugins\libwav_plugin.dll
plugins\libwingdi_plugin.dll
plugins\libx264_plugin.dll
plugins\libxa_plugin.dll
plugins\libxml_plugin.dll
plugins\libxtag_plugin.dll
plugins\libyuy2_i420_plugin.dll
plugins\libyuy2_i422_plugin.dll
locale\af\LC_MESSAGES\vlc.mo
locale\ar\LC_MESSAGES\vlc.mo
locale\bg\LC_MESSAGES\vlc.mo
locale\bn\LC_MESSAGES\vlc.mo
locale\ca\LC_MESSAGES\vlc.mo
locale\co\LC_MESSAGES\vlc.mo
locale\cs\LC_MESSAGES\vlc.mo
locale\da\LC_MESSAGES\vlc.mo
locale\de\LC_MESSAGES\vlc.mo
locale\el\LC_MESSAGES\vlc.mo
locale\en_GB\LC_MESSAGES\vlc.mo
locale\es\LC_MESSAGES\vlc.mo
locale\eu\LC_MESSAGES\vlc.mo
locale\fa\LC_MESSAGES\vlc.mo
locale\fi\LC_MESSAGES\vlc.mo
locale\fr\LC_MESSAGES\vlc.mo
locale\fur\LC_MESSAGES\vlc.mo
locale\gl\LC_MESSAGES\vlc.mo
locale\he\LC_MESSAGES\vlc.mo
locale\hi\LC_MESSAGES\vlc.mo
locale\hu\LC_MESSAGES\vlc.mo
locale\it\LC_MESSAGES\vlc.mo
locale\ja\LC_MESSAGES\vlc.mo
locale\ka\LC_MESSAGES\vlc.mo
locale\ko\LC_MESSAGES\vlc.mo
locale\lt\LC_MESSAGES\vlc.mo
locale\lv\LC_MESSAGES\vlc.mo
locale\ms\LC_MESSAGES\vlc.mo
locale\my\LC_MESSAGES\vlc.mo
locale\nb\LC_MESSAGES\vlc.mo
locale\ne\LC_MESSAGES\vlc.mo
locale\nl\LC_MESSAGES\vlc.mo
locale\no\LC_MESSAGES\vlc.mo
locale\oc\LC_MESSAGES\vlc.mo
locale\pa\LC_MESSAGES\vlc.mo
locale\pl\LC_MESSAGES\vlc.mo
locale\ps\LC_MESSAGES\vlc.mo
locale\pt_BR\LC_MESSAGES\vlc.mo
locale\pt_PT\LC_MESSAGES\vlc.mo
locale\ro\LC_MESSAGES\vlc.mo
locale\ru\LC_MESSAGES\vlc.mo
locale\sk\LC_MESSAGES\vlc.mo
locale\sl\LC_MESSAGES\vlc.mo
locale\sq\LC_MESSAGES\vlc.mo
locale\sr\LC_MESSAGES\vlc.mo
locale\sv\LC_MESSAGES\vlc.mo
locale\tet\LC_MESSAGES\vlc.mo
locale\th\LC_MESSAGES\vlc.mo
locale\tl\LC_MESSAGES\vlc.mo
locale\tr\LC_MESSAGES\vlc.mo
locale\uk\LC_MESSAGES\vlc.mo
locale\zh_CN\LC_MESSAGES\vlc.mo
locale\zh_TW\LC_MESSAGES\vlc.mo
osdmenu\default\selected\bw.png
osdmenu\default\selected\esc.png
osdmenu\default\selected\fw.png
osdmenu\default\selected\next.png
osdmenu\default\selected\play_pause.png
osdmenu\default\selected\previous.png
osdmenu\default\selected\stop.png
osdmenu\default\selected\volume.png
osdmenu\default\selection\bw.png
osdmenu\default\selection\esc.png
osdmenu\default\selection\fw.png
osdmenu\default\selection\next.png
osdmenu\default\selection\play_pause.png
osdmenu\default\selection\previous.png
osdmenu\default\selection\stop.png
osdmenu\default\selection\volume.png
osdmenu\default\unselected.png
osdmenu\default\volume\volume_00.png
osdmenu\default\volume\volume_01.png
osdmenu\default\volume\volume_02.png
osdmenu\default\volume\volume_03.png
osdmenu\default\volume\volume_04.png
osdmenu\default\volume\volume_05.png
osdmenu\default\volume\volume_06.png
osdmenu\default\volume\volume_07.png
osdmenu\default\volume\volume_08.png
osdmenu\default\volume\volume_09.png
osdmenu\default\volume\volume_10.png
osdmenu\default.cfg
osdmenu\dvd\selected\bw.png
osdmenu\dvd\selected\esc.png
osdmenu\dvd\selected\fw.png
osdmenu\dvd\selected\mute.png
osdmenu\dvd\selected\next.png
osdmenu\dvd\selected\pause.png
osdmenu\dvd\selected\play.png
osdmenu\dvd\selected\previous.png
osdmenu\dvd\selected\slow.png
osdmenu\dvd\selected\stop.png
osdmenu\dvd\selected\volume.png
osdmenu\dvd\selection\bw.png
osdmenu\dvd\selection\esc.png
osdmenu\dvd\selection\fw.png
osdmenu\dvd\selection\mute.png
osdmenu\dvd\selection\next.png
osdmenu\dvd\selection\pause.png
osdmenu\dvd\selection\play.png
osdmenu\dvd\selection\previous.png
osdmenu\dvd\selection\slow.png
osdmenu\dvd\selection\stop.png
osdmenu\dvd\unselect\barroff.png
osdmenu\dvd\volume\volume00.png
osdmenu\dvd\volume\volume01.png
osdmenu\dvd\volume\volume02.png
osdmenu\dvd\volume\volume03.png
osdmenu\dvd\volume\volume04.png
osdmenu\dvd\volume\volume05.png
osdmenu\dvd.cfg
osdmenu\minimal\fs_panel.png
osdmenu\minimal\fs_panel_mockup.png
osdmenu\minimal\fs_panel_simple.png
osdmenu\minimal\fs_panel_skip_next.png
osdmenu\minimal\fs_panel_skip_previous.png
osdmenu\minimal\fs_panel_volume_max.png
osdmenu\minimal\fs_panel_volume_min.png
osdmenu\minimal.cfg
skins\default.vlt
skins\fonts\FreeSans.ttf
skins\fonts\FreeSansBold.ttf
skins\skin.catalog
skins\skin.dtd
skins\winamp2.xml
http\.hosts
http\dialogs\.hosts
http\dialogs\browse
http\dialogs\footer
http\dialogs\input
http\dialogs\main
http\dialogs\mosaic
http\dialogs\playlist
http\dialogs\sout
http\dialogs\vlm
http\favicon.ico
http\flash.html
http\iehacks.css
http\images\delete.png
http\images\delete_small.png
http\images\eject.png
http\images\empty.png
http\images\fullscreen.png
http\images\help.png
http\images\info.png
http\images\loop.png
http\images\minus.png
http\images\next.png
http\images\pause.png
http\images\play.png
http\images\playlist.png
http\images\playlist_small.png
http\images\plus.png
http\images\prev.png
http\images\refresh.png
http\images\repeat.png
http\images\sd.png
http\images\shuffle.png
http\images\slider_bar.png
http\images\slider_left.png
http\images\slider_point.png
http\images\slider_right.png
http\images\slow.png
http\images\snapshot.png
http\images\sort.png
http\images\sout.png
http\images\speaker.png
http\images\speaker_mute.png
http\images\stop.png
http\images\vlc16x16.png
http\images\volume_down.png
http\images\volume_up.png
http\images\white.png
http\images\white_cross_small.png
http\index.html
http\js\functions.js
http\js\mosaic.js
http\js\vlm.js
http\mosaic.html
http\old\.hosts
http\old\admin\.access
http\old\admin\browse.html
http\old\admin\dboxfiles.html
http\old\admin\index.html
http\old\cone_minus.png
http\old\cone_plus.png
http\old\index.html
http\old\info.html
http\old\style.css
http\old\vlm\edit.html
http\old\vlm\index.html
http\old\vlm\new.html
http\old\vlm\show.html
http\old\webcam.html
http\requests\browse.xml
http\requests\playlist.xml
http\requests\readme.txt
http\requests\status.xml
http\requests\vlm.xml
http\requests\vlm_cmd.xml
http\style.css
http\vlm.html
http\vlm_export.html
lua\http\.hosts
lua\http\dialogs\.hosts
lua\http\dialogs\browse
lua\http\dialogs\footer
lua\http\dialogs\input
lua\http\dialogs\main
lua\http\dialogs\mosaic
lua\http\dialogs\playlist
lua\http\dialogs\sout
lua\http\dialogs\vlm
lua\http\favicon.ico
lua\http\flash.html
lua\http\iehacks.css
lua\http\images\delete.png
lua\http\images\delete_small.png
lua\http\images\eject.png
lua\http\images\empty.png
lua\http\images\fullscreen.png
lua\http\images\help.png
lua\http\images\info.png
lua\http\images\loop.png
lua\http\images\minus.png
lua\http\images\next.png
lua\http\images\pause.png
lua\http\images\play.png
lua\http\images\playlist.png
lua\http\images\playlist_small.png
lua\http\images\plus.png
lua\http\images\prev.png
lua\http\images\refresh.png
lua\http\images\repeat.png
lua\http\images\reset.png
lua\http\images\sd.png
lua\http\images\shuffle.png
lua\http\images\slider_bar.png
lua\http\images\slider_left.png
lua\http\images\slider_point.png
lua\http\images\slider_right.png
lua\http\images\slow.png
lua\http\images\snapshot.png
lua\http\images\sort.png
lua\http\images\sout.png
lua\http\images\speaker.png
lua\http\images\speaker_mute.png
lua\http\images\stop.png
lua\http\images\vlc16x16.png
lua\http\images\volume_down.png
lua\http\images\volume_up.png
lua\http\images\white.png
lua\http\images\white_cross_small.png
lua\http\index.html
lua\http\js\functions.js
lua\http\js\mosaic.js
lua\http\js\vlm.js
lua\http\mosaic.html
lua\http\requests\browse.xml
lua\http\requests\playlist.xml
lua\http\requests\readme.txt
lua\http\requests\status.xml
lua\http\requests\vlm.xml
lua\http\requests\vlm_cmd.xml
lua\http\style.css
lua\http\vlm.html
lua\http\vlm_export.html
lua\intf\dummy.lua
lua\intf\hotkeys.lua
lua\intf\http.lua
lua\intf\modules\common.lua
lua\intf\modules\host.lua
lua\intf\modules\sandbox.lua
lua\intf\rc.lua
lua\intf\README.txt
lua\intf\telnet.lua
lua\meta\01_musicbrainz.lua
lua\meta\10_googleimage.lua
lua\meta\README.txt
lua\playlist\appletrailers.lua
lua\playlist\break.lua
lua\playlist\canalplus.lua
lua\playlist\dailymotion.lua
lua\playlist\france2.lua
lua\playlist\googlevideo.lua
lua\playlist\joox.lua
lua\playlist\lelombrik.lua
lua\playlist\megavideo.lua
lua\playlist\metacafe.lua
lua\playlist\README.txt
lua\playlist\youtube.lua
lua\playlist\youtube_homepage.lua
lua\README.txt
VideoLAN Website.url
Documentation.url
New_Skins.url
